{"/home/mkel/Documents/fizz-buzz/src/errors/api.errors.ts": {"path":"/home/mkel/Documents/fizz-buzz/src/errors/api.errors.ts","statementMap":{"0":{"start":{"line":7,"column":4},"end":{"line":7,"column":null}},"1":{"start":{"line":8,"column":4},"end":{"line":8,"column":null}},"2":{"start":{"line":9,"column":4},"end":{"line":9,"column":null}},"3":{"start":{"line":17,"column":4},"end":{"line":17,"column":null}},"4":{"start":{"line":18,"column":4},"end":{"line":18,"column":null}},"5":{"start":{"line":19,"column":4},"end":{"line":19,"column":null}},"6":{"start":{"line":25,"column":4},"end":{"line":25,"column":null}},"7":{"start":{"line":26,"column":4},"end":{"line":26,"column":null}},"8":{"start":{"line":32,"column":4},"end":{"line":32,"column":null}},"9":{"start":{"line":33,"column":4},"end":{"line":33,"column":null}}},"fnMap":{"0":{"name":"(anonymous_0)","decl":{"start":{"line":6,"column":2},"end":{"line":6,"column":14}},"loc":{"start":{"line":6,"column":53},"end":{"line":10,"column":null}},"line":6},"1":{"name":"(anonymous_1)","decl":{"start":{"line":16,"column":2},"end":{"line":16,"column":14}},"loc":{"start":{"line":16,"column":42},"end":{"line":20,"column":null}},"line":16},"2":{"name":"(anonymous_2)","decl":{"start":{"line":24,"column":2},"end":{"line":24,"column":16}},"loc":{"start":{"line":24,"column":16},"end":{"line":27,"column":null}},"line":24},"3":{"name":"(anonymous_3)","decl":{"start":{"line":31,"column":2},"end":{"line":31,"column":16}},"loc":{"start":{"line":31,"column":16},"end":{"line":34,"column":null}},"line":31}},"branchMap":{"0":{"loc":{"start":{"line":6,"column":31},"end":{"line":6,"column":53}},"type":"default-arg","locations":[{"start":{"line":6,"column":48},"end":{"line":6,"column":53}}],"line":6}},"s":{"0":10,"1":10,"2":10,"3":3,"4":3,"5":3,"6":2,"7":2,"8":2,"9":2},"f":{"0":10,"1":3,"2":2,"3":2},"b":{"0":[10]},"meta":{"lastBranch":1,"lastFunction":4,"lastStatement":10,"seen":{"f:6:2:6:14":0,"b:6:48:6:53":0,"s:7:4:7:Infinity":0,"s:8:4:8:Infinity":1,"s:9:4:9:Infinity":2,"f:16:2:16:14":1,"s:17:4:17:Infinity":3,"s:18:4:18:Infinity":4,"s:19:4:19:Infinity":5,"f:24:2:24:16":2,"s:25:4:25:Infinity":6,"s:26:4:26:Infinity":7,"f:31:2:31:16":3,"s:32:4:32:Infinity":8,"s:33:4:33:Infinity":9}}}
,"/home/mkel/Documents/fizz-buzz/src/services/fizz-buzz.services.ts": {"path":"/home/mkel/Documents/fizz-buzz/src/services/fizz-buzz.services.ts","statementMap":{"0":{"start":{"line":1,"column":25},"end":{"line":7,"column":null}},"1":{"start":{"line":2,"column":15},"end":{"line":2,"column":null}},"2":{"start":{"line":4,"column":2},"end":{"line":4,"column":null}},"3":{"start":{"line":4,"column":21},"end":{"line":4,"column":null}},"4":{"start":{"line":5,"column":2},"end":{"line":5,"column":null}},"5":{"start":{"line":5,"column":21},"end":{"line":5,"column":null}},"6":{"start":{"line":6,"column":2},"end":{"line":6,"column":null}},"7":{"start":{"line":9,"column":34},"end":{"line":22,"column":null}},"8":{"start":{"line":16,"column":17},"end":{"line":16,"column":null}},"9":{"start":{"line":18,"column":2},"end":{"line":20,"column":null}},"10":{"start":{"line":18,"column":15},"end":{"line":18,"column":21}},"11":{"start":{"line":19,"column":4},"end":{"line":19,"column":null}},"12":{"start":{"line":21,"column":2},"end":{"line":21,"column":null}}},"fnMap":{"0":{"name":"(anonymous_0)","decl":{"start":{"line":1,"column":25},"end":{"line":1,"column":26}},"loc":{"start":{"line":1,"column":42},"end":{"line":7,"column":null}},"line":1},"1":{"name":"(anonymous_1)","decl":{"start":{"line":9,"column":34},"end":{"line":9,"column":35}},"loc":{"start":{"line":15,"column":6},"end":{"line":22,"column":null}},"line":15}},"branchMap":{"0":{"loc":{"start":{"line":4,"column":2},"end":{"line":4,"column":null}},"type":"if","locations":[{"start":{"line":4,"column":2},"end":{"line":4,"column":null}},{"start":{},"end":{}}],"line":4},"1":{"loc":{"start":{"line":5,"column":2},"end":{"line":5,"column":null}},"type":"if","locations":[{"start":{"line":5,"column":2},"end":{"line":5,"column":null}},{"start":{},"end":{}}],"line":5},"2":{"loc":{"start":{"line":6,"column":9},"end":{"line":6,"column":null}},"type":"binary-expr","locations":[{"start":{"line":6,"column":9},"end":{"line":6,"column":19}},{"start":{"line":6,"column":19},"end":{"line":6,"column":null}}],"line":6}},"s":{"0":1,"1":19,"2":19,"3":7,"4":19,"5":5,"6":19,"7":1,"8":5,"9":5,"10":5,"11":19,"12":5},"f":{"0":19,"1":5},"b":{"0":[7,12],"1":[5,14],"2":[19,9]},"meta":{"lastBranch":3,"lastFunction":2,"lastStatement":13,"seen":{"s:1:25:7:Infinity":0,"f:1:25:1:26":0,"s:2:15:2:Infinity":1,"b:4:2:4:Infinity:undefined:undefined:undefined:undefined":0,"s:4:2:4:Infinity":2,"s:4:21:4:Infinity":3,"b:5:2:5:Infinity:undefined:undefined:undefined:undefined":1,"s:5:2:5:Infinity":4,"s:5:21:5:Infinity":5,"s:6:2:6:Infinity":6,"b:6:9:6:19:6:19:6:Infinity":2,"s:9:34:22:Infinity":7,"f:9:34:9:35":1,"s:16:17:16:Infinity":8,"s:18:2:20:Infinity":9,"s:18:15:18:21":10,"s:19:4:19:Infinity":11,"s:21:2:21:Infinity":12}}}
,"/home/mkel/Documents/fizz-buzz/src/utils/validation.utils.ts": {"path":"/home/mkel/Documents/fizz-buzz/src/utils/validation.utils.ts","statementMap":{"0":{"start":{"line":5,"column":29},"end":{"line":12,"column":null}},"1":{"start":{"line":6,"column":23},"end":{"line":6,"column":null}},"2":{"start":{"line":8,"column":2},"end":{"line":10,"column":null}},"3":{"start":{"line":9,"column":4},"end":{"line":9,"column":null}},"4":{"start":{"line":11,"column":2},"end":{"line":11,"column":null}}},"fnMap":{"0":{"name":"(anonymous_0)","decl":{"start":{"line":5,"column":29},"end":{"line":5,"column":33}},"loc":{"start":{"line":5,"column":72},"end":{"line":12,"column":null}},"line":5}},"branchMap":{"0":{"loc":{"start":{"line":8,"column":2},"end":{"line":10,"column":null}},"type":"if","locations":[{"start":{"line":8,"column":2},"end":{"line":10,"column":null}},{"start":{},"end":{}}],"line":8}},"s":{"0":1,"1":2,"2":2,"3":1,"4":1},"f":{"0":2},"b":{"0":[1,1]},"meta":{"lastBranch":1,"lastFunction":1,"lastStatement":5,"seen":{"s:5:29:12:Infinity":0,"f:5:29:5:33":0,"s:6:23:6:Infinity":1,"b:8:2:10:Infinity:undefined:undefined:undefined:undefined":0,"s:8:2:10:Infinity":2,"s:9:4:9:Infinity":3,"s:11:2:11:Infinity":4}}}
}
